<?xml version="1.0" encoding="UTF-8"?>
<!-- Generated by org.testng.reporters.JUnitReportReporter -->
<testsuite hostname="IN3448516W1" failures="0" tests="1" name="MomUnitVar.MomUnitVar.ReadExcel" time="3.611" errors="0" timestamp="2023-08-28T19:50:24 IST" skipped="0">
  <testcase classname="MomUnitVar.MomUnitVar.ReadExcel" name="readxlsm" time="3.611"/>
</testsuite> <!-- MomUnitVar.MomUnitVar.ReadExcel -->
