<?xml version="1.0" encoding="UTF-8"?>
<!-- Generated by org.testng.reporters.JUnitReportReporter -->
<testsuite hostname="IN3448516W1" failures="0" tests="5" name="MomUnitVar.MomUnitVar.CalculatorTest" time="17.896" errors="0" timestamp="2023-09-10T15:09:48 IST" skipped="0">
  <testcase classname="MomUnitVar.MomUnitVar.CalculatorTest" name="Combination" time="5.125"/>
  <testcase classname="MomUnitVar.MomUnitVar.CalculatorTest" name="Multiplication" time="2.502"/>
  <testcase classname="MomUnitVar.MomUnitVar.CalculatorTest" name="Addition" time="2.458"/>
  <testcase classname="MomUnitVar.MomUnitVar.CalculatorTest" name="Division" time="5.150"/>
  <testcase classname="MomUnitVar.MomUnitVar.CalculatorTest" name="Subtraction" time="2.661"/>
</testsuite> <!-- MomUnitVar.MomUnitVar.CalculatorTest -->
